c:\users\drago\source\repos\cgame - less comments\cgame\x64\debug\physics.obj
c:\users\drago\source\repos\cgame - less comments\cgame\x64\debug\entityadder.obj
c:\users\drago\source\repos\cgame - less comments\cgame\x64\debug\animations.obj
c:\users\drago\source\repos\cgame - less comments\cgame\x64\debug\main.obj
c:\users\drago\source\repos\cgame - less comments\cgame\x64\debug\files.obj
c:\users\drago\source\repos\cgame - less comments\cgame\x64\debug\math.obj
c:\users\drago\source\repos\cgame - less comments\cgame\x64\debug\entitymanager.obj
c:\users\drago\source\repos\cgame - less comments\cgame\x64\debug\debug.obj
c:\users\drago\source\repos\cgame - less comments\cgame\x64\debug\mesh.obj
c:\users\drago\source\repos\cgame - less comments\cgame\x64\debug\dictionary.obj
c:\users\drago\source\repos\cgame - less comments\cgame\x64\debug\scene 1.obj
c:\users\drago\source\repos\cgame - less comments\cgame\x64\debug\player.obj
c:\users\drago\source\repos\cgame - less comments\cgame\x64\debug\collisions.obj
c:\users\drago\source\repos\cgame - less comments\cgame\x64\debug\entityadder.h.ifc
c:\users\drago\source\repos\cgame - less comments\cgame\x64\debug\entityadder.h.ifc.d.json
c:\users\drago\source\repos\cgame - less comments\cgame\x64\debug\entityadder.h.obj
c:\users\drago\source\repos\cgame - less comments\cgame\x64\debug\vc143.pdb
c:\users\drago\source\repos\cgame - less comments\x64\debug\cgame.exe
c:\users\drago\source\repos\cgame - less comments\cgame\x64\debug\animations.cod
c:\users\drago\source\repos\cgame - less comments\cgame\x64\debug\collisions.cod
c:\users\drago\source\repos\cgame - less comments\cgame\x64\debug\debug.cod
c:\users\drago\source\repos\cgame - less comments\cgame\x64\debug\dictionary.cod
c:\users\drago\source\repos\cgame - less comments\cgame\x64\debug\files.cod
c:\users\drago\source\repos\cgame - less comments\cgame\x64\debug\main.cod
c:\users\drago\source\repos\cgame - less comments\cgame\x64\debug\math.cod
c:\users\drago\source\repos\cgame - less comments\cgame\x64\debug\mesh.cod
c:\users\drago\source\repos\cgame - less comments\cgame\x64\debug\physics.cod
c:\users\drago\source\repos\cgame - less comments\cgame\x64\debug\player.cod
c:\users\drago\source\repos\cgame - less comments\cgame\x64\debug\scene 1.cod
c:\users\drago\source\repos\cgame - less comments\cgame\x64\debug\entityadder.cod
c:\users\drago\source\repos\cgame - less comments\cgame\x64\debug\entitymanager.cod
c:\users\drago\source\repos\cgame - less comments\x64\debug\cgame.pdb
c:\users\drago\source\repos\cgame - less comments\cgame\x64\debug\entityadder.h.module.json
c:\users\drago\source\repos\cgame - less comments\cgame\x64\debug\cgame.tlog\cl.13944.write.1.tlog
c:\users\drago\source\repos\cgame - less comments\cgame\x64\debug\cgame.tlog\cl.command.1.tlog
c:\users\drago\source\repos\cgame - less comments\cgame\x64\debug\cgame.tlog\cl.items.tlog
c:\users\drago\source\repos\cgame - less comments\cgame\x64\debug\cgame.tlog\cl.read.1.tlog
c:\users\drago\source\repos\cgame - less comments\cgame\x64\debug\cgame.tlog\link.command.1.tlog
c:\users\drago\source\repos\cgame - less comments\cgame\x64\debug\cgame.tlog\link.read.1.tlog
c:\users\drago\source\repos\cgame - less comments\cgame\x64\debug\cgame.tlog\link.secondary.1.tlog
c:\users\drago\source\repos\cgame - less comments\cgame\x64\debug\cgame.tlog\link.write.1.tlog
c:\users\drago\source\repos\cgame - less comments\cgame\x64\debug\cgame_md.tlog\cl.command.1.tlog
c:\users\drago\source\repos\cgame - less comments\cgame\x64\debug\cgame_md.tlog\microsoft.build.cpptasks.cl.read.1.tlog
c:\users\drago\source\repos\cgame - less comments\cgame\x64\debug\cgame_md.tlog\microsoft.build.cpptasks.cl.write.1.tlog
